2018-03-24 20:50:47,191 [Worker-14] INFO  o.e.m.c.i.l.LifecycleMappingFactory - Using org.maven.ide.eclipse.wtp.WarLifecycleMapping lifecycle mapping for MavenProject: com.beanstree.dcsolar:projectWAPI:1.0.0 @ C:\WS\TimeSheetWAPI\projectWAPI\pom.xml.
2018-03-24 20:51:05,970 [Worker-14] INFO  o.e.m.j.i.AbstractJavaProjectConfigurator - Adding source folder /projectWAPI/src/main/java
2018-03-24 20:51:05,971 [Worker-14] INFO  o.e.m.j.i.AbstractJavaProjectConfigurator - Adding resource folder /projectWAPI/src/main/resources
2018-03-24 20:51:05,983 [Worker-14] INFO  o.e.m.j.i.AbstractJavaProjectConfigurator - Adding resource folder /projectWAPI/src/main/resources
2018-03-24 20:51:05,994 [Worker-14] INFO  o.e.m.j.i.AbstractJavaProjectConfigurator - Adding source folder /projectWAPI/src/test/java
2018-03-24 20:51:17,089 [Worker-14] INFO  o.e.m.c.i.p.ProjectConfigurationManager - Imported and configured 1 project(s) in 37 sec
2018-03-24 20:51:47,911 [Worker-11] INFO  o.e.m.c.i.embedder.EclipseLogger - Using 'UTF-8' encoding to copy filtered resources.
2018-03-24 20:51:47,915 [Worker-11] INFO  o.e.m.c.i.embedder.EclipseLogger - Copying 1 resource
2018-03-24 20:51:47,934 [Worker-11] INFO  o.e.m.c.i.embedder.EclipseLogger - Copying 1 resource
2018-03-24 20:51:47,942 [Worker-11] INFO  o.e.m.c.i.embedder.EclipseLogger - Using 'UTF-8' encoding to copy filtered resources.
2018-03-24 20:51:47,942 [Worker-11] INFO  o.e.m.c.i.embedder.EclipseLogger - skip non existing resourceDirectory C:\WS\TimeSheetWAPI\projectWAPI\src\test\resources
2018-03-24 20:52:03,980 [Worker-10] INFO  o.e.m.c.i.l.LifecycleMappingFactory - Using org.maven.ide.eclipse.wtp.WarLifecycleMapping lifecycle mapping for MavenProject: com.beanstree.dcsolar:projectWAPI:1.0.0 @ C:\WS\TimeSheetWAPI\projectWAPI\pom.xml.
2018-03-24 20:52:06,088 [Worker-10] INFO  o.e.m.c.i.embedder.EclipseLogger - Using 'UTF-8' encoding to copy filtered resources.
2018-03-24 20:52:06,089 [Worker-10] INFO  o.e.m.c.i.embedder.EclipseLogger - Copying 0 resource
2018-03-24 20:52:06,089 [Worker-10] INFO  o.e.m.c.i.embedder.EclipseLogger - Copying 0 resource
2018-03-24 20:52:06,092 [Worker-10] INFO  o.e.m.c.i.embedder.EclipseLogger - Using 'UTF-8' encoding to copy filtered resources.
2018-03-24 20:52:06,092 [Worker-10] INFO  o.e.m.c.i.embedder.EclipseLogger - skip non existing resourceDirectory C:\WS\TimeSheetWAPI\projectWAPI\src\test\resources
2018-03-24 20:52:06,094 [Worker-10] INFO  o.e.m.w.i.f.ResourceFilteringBuildParticipant - Changed resources require a complete clean of filtered resources of projectWAPI
2018-03-24 20:52:06,095 [Worker-10] INFO  o.e.m.w.i.f.ResourceFilteringBuildParticipant - Executing resource filtering for projectWAPI
2018-03-24 20:52:06,100 [Worker-10] INFO  o.e.m.c.i.embedder.EclipseLogger - Using 'UTF-8' encoding to copy filtered resources.
2018-03-24 21:01:15,852 [Worker-35] INFO  o.e.m.c.i.embedder.EclipseLogger - Using 'UTF-8' encoding to copy filtered resources.
2018-03-24 21:01:15,852 [Worker-35] INFO  o.e.m.c.i.embedder.EclipseLogger - Copying 0 resource
2018-03-24 21:01:15,853 [Worker-35] INFO  o.e.m.c.i.embedder.EclipseLogger - Copying 0 resource
2018-03-24 21:01:15,857 [Worker-35] INFO  o.e.m.c.i.embedder.EclipseLogger - Using 'UTF-8' encoding to copy filtered resources.
2018-03-24 21:01:15,857 [Worker-35] INFO  o.e.m.c.i.embedder.EclipseLogger - skip non existing resourceDirectory C:\WS\TimeSheetWAPI\projectWAPI\src\test\resources
2018-03-26 10:27:05,770 [Worker-25] INFO  o.e.m.c.i.embedder.EclipseLogger - Using 'UTF-8' encoding to copy filtered resources.
2018-03-26 10:27:05,801 [Worker-25] INFO  o.e.m.c.i.embedder.EclipseLogger - Copying 1 resource
2018-03-26 10:27:05,817 [Worker-25] INFO  o.e.m.c.i.embedder.EclipseLogger - Copying 1 resource
2018-03-26 10:27:05,817 [Worker-25] INFO  o.e.m.c.i.embedder.EclipseLogger - Using 'UTF-8' encoding to copy filtered resources.
2018-03-26 10:27:05,817 [Worker-25] INFO  o.e.m.c.i.embedder.EclipseLogger - skip non existing resourceDirectory C:\WS\TimeSheetWAPI\projectWAPI\src\test\resources
2018-03-26 10:28:06,231 [Worker-21] INFO  o.e.m.c.i.embedder.EclipseLogger - Using 'UTF-8' encoding to copy filtered resources.
2018-03-26 10:28:06,278 [Worker-21] INFO  o.e.m.c.i.embedder.EclipseLogger - Copying 1 resource
2018-03-26 10:28:06,278 [Worker-21] INFO  o.e.m.c.i.embedder.EclipseLogger - Copying 1 resource
2018-03-26 10:28:06,293 [Worker-21] INFO  o.e.m.c.i.embedder.EclipseLogger - Using 'UTF-8' encoding to copy filtered resources.
2018-03-26 10:28:06,293 [Worker-21] INFO  o.e.m.c.i.embedder.EclipseLogger - skip non existing resourceDirectory C:\WS\TimeSheetWAPI\projectWAPI\src\test\resources
2018-03-26 10:32:38,558 [Worker-24] INFO  o.e.m.c.i.embedder.EclipseLogger - Using 'UTF-8' encoding to copy filtered resources.
2018-03-26 10:32:38,558 [Worker-24] INFO  o.e.m.c.i.embedder.EclipseLogger - Copying 1 resource
2018-03-26 10:32:38,573 [Worker-24] INFO  o.e.m.c.i.embedder.EclipseLogger - Copying 1 resource
2018-03-26 10:32:38,589 [Worker-24] INFO  o.e.m.c.i.embedder.EclipseLogger - Using 'UTF-8' encoding to copy filtered resources.
2018-03-26 10:32:38,589 [Worker-24] INFO  o.e.m.c.i.embedder.EclipseLogger - skip non existing resourceDirectory C:\WS\TimeSheetWAPI\projectWAPI\src\test\resources
2018-03-26 10:34:07,134 [Worker-21] INFO  o.e.m.c.i.embedder.EclipseLogger - Using 'UTF-8' encoding to copy filtered resources.
2018-03-26 10:34:07,134 [Worker-21] INFO  o.e.m.c.i.embedder.EclipseLogger - Copying 1 resource
2018-03-26 10:34:07,149 [Worker-21] INFO  o.e.m.c.i.embedder.EclipseLogger - Copying 1 resource
2018-03-26 10:34:07,149 [Worker-21] INFO  o.e.m.c.i.embedder.EclipseLogger - Using 'UTF-8' encoding to copy filtered resources.
2018-03-26 10:34:07,149 [Worker-21] INFO  o.e.m.c.i.embedder.EclipseLogger - skip non existing resourceDirectory C:\WS\TimeSheetWAPI\projectWAPI\src\test\resources
2018-03-26 10:42:57,048 [Worker-21] INFO  o.e.m.c.i.embedder.EclipseLogger - Using 'UTF-8' encoding to copy filtered resources.
2018-03-26 10:42:57,048 [Worker-21] INFO  o.e.m.c.i.embedder.EclipseLogger - Copying 1 resource
2018-03-26 10:42:57,064 [Worker-21] INFO  o.e.m.c.i.embedder.EclipseLogger - Copying 1 resource
2018-03-26 10:42:57,064 [Worker-21] INFO  o.e.m.c.i.embedder.EclipseLogger - Using 'UTF-8' encoding to copy filtered resources.
2018-03-26 10:42:57,064 [Worker-21] INFO  o.e.m.c.i.embedder.EclipseLogger - skip non existing resourceDirectory C:\WS\TimeSheetWAPI\projectWAPI\src\test\resources
2018-03-26 10:45:39,571 [Worker-30] INFO  o.e.m.c.i.embedder.EclipseLogger - Using 'UTF-8' encoding to copy filtered resources.
2018-03-26 10:45:39,571 [Worker-30] INFO  o.e.m.c.i.embedder.EclipseLogger - Copying 1 resource
2018-03-26 10:45:39,571 [Worker-30] INFO  o.e.m.c.i.embedder.EclipseLogger - Copying 1 resource
2018-03-26 10:45:39,587 [Worker-30] INFO  o.e.m.c.i.embedder.EclipseLogger - Using 'UTF-8' encoding to copy filtered resources.
2018-03-26 10:45:39,587 [Worker-30] INFO  o.e.m.c.i.embedder.EclipseLogger - skip non existing resourceDirectory C:\WS\TimeSheetWAPI\projectWAPI\src\test\resources
2018-03-26 11:37:41,944 [Worker-40] INFO  o.e.m.c.i.embedder.EclipseLogger - Using 'UTF-8' encoding to copy filtered resources.
2018-03-26 11:37:41,944 [Worker-40] INFO  o.e.m.c.i.embedder.EclipseLogger - Copying 1 resource
2018-03-26 11:37:42,084 [Worker-40] INFO  o.e.m.c.i.embedder.EclipseLogger - Copying 1 resource
2018-03-26 11:37:42,147 [Worker-40] INFO  o.e.m.c.i.embedder.EclipseLogger - Using 'UTF-8' encoding to copy filtered resources.
2018-03-26 11:37:42,194 [Worker-40] INFO  o.e.m.c.i.embedder.EclipseLogger - skip non existing resourceDirectory C:\WS\TimeSheetWAPI\projectWAPI\src\test\resources
2018-03-26 11:39:06,919 [Worker-40] INFO  o.e.m.c.i.embedder.EclipseLogger - Using 'UTF-8' encoding to copy filtered resources.
2018-03-26 11:39:06,966 [Worker-40] INFO  o.e.m.c.i.embedder.EclipseLogger - Copying 1 resource
2018-03-26 11:39:07,075 [Worker-40] INFO  o.e.m.c.i.embedder.EclipseLogger - Copying 1 resource
2018-03-26 11:39:07,091 [Worker-40] INFO  o.e.m.c.i.embedder.EclipseLogger - Using 'UTF-8' encoding to copy filtered resources.
2018-03-26 11:39:07,091 [Worker-40] INFO  o.e.m.c.i.embedder.EclipseLogger - skip non existing resourceDirectory C:\WS\TimeSheetWAPI\projectWAPI\src\test\resources
2018-03-26 12:15:41,743 [Worker-52] INFO  o.e.m.c.i.embedder.EclipseLogger - Using 'UTF-8' encoding to copy filtered resources.
2018-03-26 12:15:41,743 [Worker-52] INFO  o.e.m.c.i.embedder.EclipseLogger - Copying 1 resource
2018-03-26 12:15:41,774 [Worker-52] INFO  o.e.m.c.i.embedder.EclipseLogger - Copying 1 resource
2018-03-26 12:15:41,774 [Worker-52] INFO  o.e.m.c.i.embedder.EclipseLogger - Using 'UTF-8' encoding to copy filtered resources.
2018-03-26 12:15:41,837 [Worker-52] INFO  o.e.m.c.i.embedder.EclipseLogger - skip non existing resourceDirectory C:\WS\TimeSheetWAPI\projectWAPI\src\test\resources
2018-03-26 12:16:02,561 [Worker-52] INFO  o.e.m.c.i.embedder.EclipseLogger - Using 'UTF-8' encoding to copy filtered resources.
2018-03-26 12:16:02,577 [Worker-52] INFO  o.e.m.c.i.embedder.EclipseLogger - Copying 1 resource
2018-03-26 12:16:02,686 [Worker-52] INFO  o.e.m.c.i.embedder.EclipseLogger - Copying 1 resource
2018-03-26 12:16:02,702 [Worker-52] INFO  o.e.m.c.i.embedder.EclipseLogger - Using 'UTF-8' encoding to copy filtered resources.
2018-03-26 12:16:02,702 [Worker-52] INFO  o.e.m.c.i.embedder.EclipseLogger - skip non existing resourceDirectory C:\WS\TimeSheetWAPI\projectWAPI\src\test\resources
2018-03-26 12:20:45,836 [Worker-54] INFO  o.e.m.c.i.embedder.EclipseLogger - Using 'UTF-8' encoding to copy filtered resources.
2018-03-26 12:20:45,836 [Worker-54] INFO  o.e.m.c.i.embedder.EclipseLogger - Copying 1 resource
2018-03-26 12:20:45,852 [Worker-54] INFO  o.e.m.c.i.embedder.EclipseLogger - Copying 1 resource
2018-03-26 12:20:45,867 [Worker-54] INFO  o.e.m.c.i.embedder.EclipseLogger - Using 'UTF-8' encoding to copy filtered resources.
2018-03-26 12:20:45,867 [Worker-54] INFO  o.e.m.c.i.embedder.EclipseLogger - skip non existing resourceDirectory C:\WS\TimeSheetWAPI\projectWAPI\src\test\resources
2018-03-26 12:21:51,701 [Worker-56] INFO  o.e.m.c.i.embedder.EclipseLogger - Using 'UTF-8' encoding to copy filtered resources.
2018-03-26 12:21:51,701 [Worker-56] INFO  o.e.m.c.i.embedder.EclipseLogger - Copying 1 resource
2018-03-26 12:21:51,717 [Worker-56] INFO  o.e.m.c.i.embedder.EclipseLogger - Copying 1 resource
2018-03-26 12:21:51,733 [Worker-56] INFO  o.e.m.c.i.embedder.EclipseLogger - Using 'UTF-8' encoding to copy filtered resources.
2018-03-26 12:21:51,733 [Worker-56] INFO  o.e.m.c.i.embedder.EclipseLogger - skip non existing resourceDirectory C:\WS\TimeSheetWAPI\projectWAPI\src\test\resources
2018-03-26 12:23:10,759 [Worker-57] INFO  o.e.m.c.i.embedder.EclipseLogger - Using 'UTF-8' encoding to copy filtered resources.
2018-03-26 12:23:10,759 [Worker-57] INFO  o.e.m.c.i.embedder.EclipseLogger - Copying 1 resource
2018-03-26 12:23:10,775 [Worker-57] INFO  o.e.m.c.i.embedder.EclipseLogger - Copying 1 resource
2018-03-26 12:23:10,775 [Worker-57] INFO  o.e.m.c.i.embedder.EclipseLogger - Using 'UTF-8' encoding to copy filtered resources.
2018-03-26 12:23:10,775 [Worker-57] INFO  o.e.m.c.i.embedder.EclipseLogger - skip non existing resourceDirectory C:\WS\TimeSheetWAPI\projectWAPI\src\test\resources
2018-03-26 12:24:01,206 [Worker-61] INFO  o.e.m.c.i.embedder.EclipseLogger - Using 'UTF-8' encoding to copy filtered resources.
2018-03-26 12:24:01,206 [Worker-61] INFO  o.e.m.c.i.embedder.EclipseLogger - Copying 1 resource
2018-03-26 12:24:01,206 [Worker-61] INFO  o.e.m.c.i.embedder.EclipseLogger - Copying 1 resource
2018-03-26 12:24:01,221 [Worker-61] INFO  o.e.m.c.i.embedder.EclipseLogger - Using 'UTF-8' encoding to copy filtered resources.
2018-03-26 12:24:01,221 [Worker-61] INFO  o.e.m.c.i.embedder.EclipseLogger - skip non existing resourceDirectory C:\WS\TimeSheetWAPI\projectWAPI\src\test\resources
2018-03-26 12:24:58,953 [Worker-59] INFO  o.e.m.c.i.embedder.EclipseLogger - Using 'UTF-8' encoding to copy filtered resources.
2018-03-26 12:24:58,953 [Worker-59] INFO  o.e.m.c.i.embedder.EclipseLogger - Copying 1 resource
2018-03-26 12:24:58,968 [Worker-59] INFO  o.e.m.c.i.embedder.EclipseLogger - Copying 1 resource
2018-03-26 12:24:58,984 [Worker-59] INFO  o.e.m.c.i.embedder.EclipseLogger - Using 'UTF-8' encoding to copy filtered resources.
2018-03-26 12:24:58,984 [Worker-59] INFO  o.e.m.c.i.embedder.EclipseLogger - skip non existing resourceDirectory C:\WS\TimeSheetWAPI\projectWAPI\src\test\resources
2018-03-26 12:33:10,708 [Worker-65] INFO  o.e.m.c.i.embedder.EclipseLogger - Using 'UTF-8' encoding to copy filtered resources.
2018-03-26 12:33:10,723 [Worker-65] INFO  o.e.m.c.i.embedder.EclipseLogger - Copying 1 resource
2018-03-26 12:33:10,739 [Worker-65] INFO  o.e.m.c.i.embedder.EclipseLogger - Copying 1 resource
2018-03-26 12:33:10,754 [Worker-65] INFO  o.e.m.c.i.embedder.EclipseLogger - Using 'UTF-8' encoding to copy filtered resources.
2018-03-26 12:33:10,754 [Worker-65] INFO  o.e.m.c.i.embedder.EclipseLogger - skip non existing resourceDirectory C:\WS\TimeSheetWAPI\projectWAPI\src\test\resources
2018-03-26 12:40:46,592 [Worker-70] INFO  o.e.m.c.i.embedder.EclipseLogger - Using 'UTF-8' encoding to copy filtered resources.
2018-03-26 12:40:46,594 [Worker-70] INFO  o.e.m.c.i.embedder.EclipseLogger - Copying 1 resource
2018-03-26 12:40:46,625 [Worker-70] INFO  o.e.m.c.i.embedder.EclipseLogger - Copying 1 resource
2018-03-26 12:40:46,631 [Worker-70] INFO  o.e.m.c.i.embedder.EclipseLogger - Using 'UTF-8' encoding to copy filtered resources.
2018-03-26 12:40:46,632 [Worker-70] INFO  o.e.m.c.i.embedder.EclipseLogger - skip non existing resourceDirectory C:\WS\TimeSheetWAPI\projectWAPI\src\test\resources
2018-03-26 12:40:53,199 [Worker-68] INFO  o.e.m.c.i.embedder.EclipseLogger - Using 'UTF-8' encoding to copy filtered resources.
2018-03-26 12:40:53,199 [Worker-68] INFO  o.e.m.c.i.embedder.EclipseLogger - Copying 1 resource
2018-03-26 12:40:53,214 [Worker-68] INFO  o.e.m.c.i.embedder.EclipseLogger - Copying 1 resource
2018-03-26 12:40:53,214 [Worker-68] INFO  o.e.m.c.i.embedder.EclipseLogger - Using 'UTF-8' encoding to copy filtered resources.
2018-03-26 12:40:53,214 [Worker-68] INFO  o.e.m.c.i.embedder.EclipseLogger - skip non existing resourceDirectory C:\WS\TimeSheetWAPI\projectWAPI\src\test\resources
2018-03-26 12:41:09,697 [Worker-68] INFO  o.e.m.c.i.embedder.EclipseLogger - Using 'UTF-8' encoding to copy filtered resources.
2018-03-26 12:41:09,697 [Worker-68] INFO  o.e.m.c.i.embedder.EclipseLogger - Copying 1 resource
2018-03-26 12:41:09,697 [Worker-68] INFO  o.e.m.c.i.embedder.EclipseLogger - Copying 1 resource
2018-03-26 12:41:09,697 [Worker-68] INFO  o.e.m.c.i.embedder.EclipseLogger - Using 'UTF-8' encoding to copy filtered resources.
2018-03-26 12:41:09,713 [Worker-68] INFO  o.e.m.c.i.embedder.EclipseLogger - skip non existing resourceDirectory C:\WS\TimeSheetWAPI\projectWAPI\src\test\resources
2018-03-26 12:41:14,208 [Worker-69] INFO  o.e.m.c.i.embedder.EclipseLogger - Using 'UTF-8' encoding to copy filtered resources.
2018-03-26 12:41:14,208 [Worker-69] INFO  o.e.m.c.i.embedder.EclipseLogger - Copying 1 resource
2018-03-26 12:41:14,208 [Worker-69] INFO  o.e.m.c.i.embedder.EclipseLogger - Copying 1 resource
2018-03-26 12:41:14,208 [Worker-69] INFO  o.e.m.c.i.embedder.EclipseLogger - Using 'UTF-8' encoding to copy filtered resources.
2018-03-26 12:41:14,208 [Worker-69] INFO  o.e.m.c.i.embedder.EclipseLogger - skip non existing resourceDirectory C:\WS\TimeSheetWAPI\projectWAPI\src\test\resources
2018-03-26 12:44:01,912 [Worker-75] INFO  o.e.m.c.i.embedder.EclipseLogger - Using 'UTF-8' encoding to copy filtered resources.
2018-03-26 12:44:01,913 [Worker-75] INFO  o.e.m.c.i.embedder.EclipseLogger - Copying 1 resource
2018-03-26 12:44:01,918 [Worker-75] INFO  o.e.m.c.i.embedder.EclipseLogger - Copying 1 resource
2018-03-26 12:44:01,922 [Worker-75] INFO  o.e.m.c.i.embedder.EclipseLogger - Using 'UTF-8' encoding to copy filtered resources.
2018-03-26 12:44:01,923 [Worker-75] INFO  o.e.m.c.i.embedder.EclipseLogger - skip non existing resourceDirectory C:\WS\TimeSheetWAPI\projectWAPI\src\test\resources
2018-03-26 12:44:09,000 [Worker-67] INFO  o.e.m.c.i.embedder.EclipseLogger - Using 'UTF-8' encoding to copy filtered resources.
2018-03-26 12:44:09,001 [Worker-67] INFO  o.e.m.c.i.embedder.EclipseLogger - Copying 1 resource
2018-03-26 12:44:09,005 [Worker-67] INFO  o.e.m.c.i.embedder.EclipseLogger - Copying 1 resource
2018-03-26 12:44:09,008 [Worker-67] INFO  o.e.m.c.i.embedder.EclipseLogger - Using 'UTF-8' encoding to copy filtered resources.
2018-03-26 12:44:09,008 [Worker-67] INFO  o.e.m.c.i.embedder.EclipseLogger - skip non existing resourceDirectory C:\WS\TimeSheetWAPI\projectWAPI\src\test\resources
2018-03-26 12:44:13,440 [Worker-70] INFO  o.e.m.c.i.embedder.EclipseLogger - Using 'UTF-8' encoding to copy filtered resources.
2018-03-26 12:44:13,441 [Worker-70] INFO  o.e.m.c.i.embedder.EclipseLogger - Copying 1 resource
2018-03-26 12:44:13,453 [Worker-70] INFO  o.e.m.c.i.embedder.EclipseLogger - Copying 1 resource
2018-03-26 12:44:13,458 [Worker-70] INFO  o.e.m.c.i.embedder.EclipseLogger - Using 'UTF-8' encoding to copy filtered resources.
2018-03-26 12:44:13,459 [Worker-70] INFO  o.e.m.c.i.embedder.EclipseLogger - skip non existing resourceDirectory C:\WS\TimeSheetWAPI\projectWAPI\src\test\resources
2018-03-26 12:44:17,868 [Worker-75] INFO  o.e.m.c.i.embedder.EclipseLogger - Using 'UTF-8' encoding to copy filtered resources.
2018-03-26 12:44:17,870 [Worker-75] INFO  o.e.m.c.i.embedder.EclipseLogger - Copying 1 resource
2018-03-26 12:44:17,874 [Worker-75] INFO  o.e.m.c.i.embedder.EclipseLogger - Copying 1 resource
2018-03-26 12:44:17,878 [Worker-75] INFO  o.e.m.c.i.embedder.EclipseLogger - Using 'UTF-8' encoding to copy filtered resources.
2018-03-26 12:44:17,878 [Worker-75] INFO  o.e.m.c.i.embedder.EclipseLogger - skip non existing resourceDirectory C:\WS\TimeSheetWAPI\projectWAPI\src\test\resources
